--------- beginning of system
04-20 10:10:00.835 D/ColorViewRootUtil(12442): initSwipState, isDisplayCompatApp false
04-20 10:10:00.835 D/ColorViewRootUtil(12442): mScreenHeight 2400, mScreenWidth 1080
04-20 10:10:00.918 V/OplusZoomWindowDecorViewHelper(12442): setLastReportedMergedConfiguration mZoomDisplayHeight: 2400 getDecorView.DecorView@958b610[DashboardActivity]
04-20 10:10:04.479 D/ViewRootImpl(12442): enqueueInputEventMotionEvent { action=ACTION_DOWN, actionButton=0, id[0]=0, x[0]=243.0, y[0]=457.0, toolType[0]=TOOL_TYPE_FINGER, buttonState=0, classification=NONE, metaState=0, flags=0x0, edgeFlags=0x0, pointerCount=1, historySize=0, eventTime=120617865, downTime=120617865, deviceId=4, source=0x1002, displayId=0 }
04-20 10:10:07.158 D/ViewRootImpl(12442): enqueueInputEventMotionEvent { action=ACTION_DOWN, actionButton=0, id[0]=0, x[0]=49.0, y[0]=173.0, toolType[0]=TOOL_TYPE_FINGER, buttonState=0, classification=NONE, metaState=0, flags=0x0, edgeFlags=0x0, pointerCount=1, historySize=0, eventTime=120620540, downTime=120620539, deviceId=4, source=0x1002, displayId=0 }
04-20 10:10:08.852 D/ViewRootImpl(12442): enqueueInputEventMotionEvent { action=ACTION_DOWN, actionButton=0, id[0]=0, x[0]=165.0, y[0]=458.0, toolType[0]=TOOL_TYPE_FINGER, buttonState=0, classification=NONE, metaState=0, flags=0x0, edgeFlags=0x0, pointerCount=1, historySize=0, eventTime=120622237, downTime=120622237, deviceId=4, source=0x1002, displayId=0 }
04-20 10:10:09.060 D/ColorViewRootUtil(12442): initSwipState, isDisplayCompatApp false
04-20 10:10:09.060 D/ColorViewRootUtil(12442): mScreenHeight 2400, mScreenWidth 1080
04-20 10:10:09.081 V/OplusZoomWindowDecorViewHelper(12442): setLastReportedMergedConfiguration mZoomDisplayHeight: 2400 getDecorView.DecorView@604e94c[AccountActivity]
04-20 10:10:11.084 D/ViewRootImpl(12442): enqueueInputEventMotionEvent { action=ACTION_DOWN, actionButton=0, id[0]=0, x[0]=62.0, y[0]=176.0, toolType[0]=TOOL_TYPE_FINGER, buttonState=0, classification=NONE, metaState=0, flags=0x0, edgeFlags=0x0, pointerCount=1, historySize=0, eventTime=120624464, downTime=120624463, deviceId=4, source=0x1002, displayId=0 }
04-20 10:10:12.221 D/ViewRootImpl(12442): enqueueInputEventMotionEvent { action=ACTION_DOWN, actionButton=0, id[0]=0, x[0]=65.0, y[0]=164.0, toolType[0]=TOOL_TYPE_FINGER, buttonState=0, classification=NONE, metaState=0, flags=0x0, edgeFlags=0x0, pointerCount=1, historySize=0, eventTime=120625600, downTime=120625599, deviceId=4, source=0x1002, displayId=0 }
04-20 10:10:12.992 D/ViewRootImpl(12442): enqueueInputEventMotionEvent { action=ACTION_DOWN, actionButton=0, id[0]=0, x[0]=98.0, y[0]=303.0, toolType[0]=TOOL_TYPE_FINGER, buttonState=0, classification=NONE, metaState=0, flags=0x0, edgeFlags=0x0, pointerCount=1, historySize=0, eventTime=120626378, downTime=120626378, deviceId=4, source=0x1002, displayId=0 }
04-20 10:10:13.118 D/ColorViewRootUtil(12442): initSwipState, isDisplayCompatApp false
04-20 10:10:13.118 D/ColorViewRootUtil(12442): mScreenHeight 2400, mScreenWidth 1080
04-20 10:10:13.156 V/OplusZoomWindowDecorViewHelper(12442): setLastReportedMergedConfiguration mZoomDisplayHeight: 2400 getDecorView.DecorView@8ca32c2[DashboardActivity]
04-20 10:10:14.990 D/ViewRootImpl(12442): enqueueInputEventMotionEvent { action=ACTION_DOWN, actionButton=0, id[0]=0, x[0]=47.0, y[0]=242.0, toolType[0]=TOOL_TYPE_FINGER, buttonState=0, classification=NONE, metaState=0, flags=0x0, edgeFlags=0x0, pointerCount=1, historySize=0, eventTime=120628373, downTime=120628372, deviceId=4, source=0x1002, displayId=0 }
04-20 10:10:16.164 D/ViewRootImpl(12442): enqueueInputEventMotionEvent { action=ACTION_DOWN, actionButton=0, id[0]=0, x[0]=246.0, y[0]=1774.0, toolType[0]=TOOL_TYPE_FINGER, buttonState=0, classification=NONE, metaState=0, flags=0x0, edgeFlags=0x0, pointerCount=1, historySize=0, eventTime=120629550, downTime=120629550, deviceId=4, source=0x1002, displayId=0 }
04-20 10:10:18.300 D/ViewRootImpl(12442): enqueueInputEventMotionEvent { action=ACTION_DOWN, actionButton=0, id[0]=0, x[0]=179.0, y[0]=1126.0, toolType[0]=TOOL_TYPE_FINGER, buttonState=0, classification=NONE, metaState=0, flags=0x0, edgeFlags=0x0, pointerCount=1, historySize=0, eventTime=120631686, downTime=120631686, deviceId=4, source=0x1002, displayId=0 }
04-20 10:10:18.699 D/ViewRootImpl(12442): enqueueInputEventMotionEvent { action=ACTION_DOWN, actionButton=0, id[0]=0, x[0]=207.0, y[0]=1242.0, toolType[0]=TOOL_TYPE_FINGER, buttonState=0, classification=NONE, metaState=0, flags=0x0, edgeFlags=0x0, pointerCount=1, historySize=0, eventTime=120632083, downTime=120632083, deviceId=4, source=0x1002, displayId=0 }
04-20 10:11:00.868 D/ViewRootImpl(12442): enqueueInputEventMotionEvent { action=ACTION_DOWN, actionButton=0, id[0]=0, x[0]=75.0, y[0]=202.0, toolType[0]=TOOL_TYPE_FINGER, buttonState=0, classification=NONE, metaState=0, flags=0x0, edgeFlags=0x0, pointerCount=1, historySize=0, eventTime=120674254, downTime=120674254, deviceId=4, source=0x1002, displayId=0 }
04-20 10:11:01.853 D/ViewRootImpl(12442): enqueueInputEventMotionEvent { action=ACTION_DOWN, actionButton=0, id[0]=0, x[0]=137.0, y[0]=461.0, toolType[0]=TOOL_TYPE_FINGER, buttonState=0, classification=NONE, metaState=0, flags=0x0, edgeFlags=0x0, pointerCount=1, historySize=0, eventTime=120675239, downTime=120675239, deviceId=4, source=0x1002, displayId=0 }
04-20 10:11:02.041 D/ColorViewRootUtil(12442): initSwipState, isDisplayCompatApp false
04-20 10:11:02.041 D/ColorViewRootUtil(12442): mScreenHeight 2400, mScreenWidth 1080
04-20 10:11:02.063 V/OplusZoomWindowDecorViewHelper(12442): setLastReportedMergedConfiguration mZoomDisplayHeight: 2400 getDecorView.DecorView@776077e[AccountActivity]
04-20 10:11:03.508 D/ViewRootImpl(12442): enqueueInputEventMotionEvent { action=ACTION_DOWN, actionButton=0, id[0]=0, x[0]=305.0, y[0]=2162.0, toolType[0]=TOOL_TYPE_FINGER, buttonState=0, classification=NONE, metaState=0, flags=0x0, edgeFlags=0x0, pointerCount=1, historySize=0, eventTime=120676890, downTime=120676890, deviceId=4, source=0x1002, displayId=0 }
04-20 10:11:04.120 D/ViewRootImpl(12442): enqueueInputEventMotionEvent { action=ACTION_DOWN, actionButton=0, id[0]=0, x[0]=101.0, y[0]=167.0, toolType[0]=TOOL_TYPE_FINGER, buttonState=0, classification=NONE, metaState=0, flags=0x0, edgeFlags=0x0, pointerCount=1, historySize=0, eventTime=120677504, downTime=120677504, deviceId=4, source=0x1002, displayId=0 }
04-20 10:11:05.046 D/ViewRootImpl(12442): enqueueInputEventMotionEvent { action=ACTION_DOWN, actionButton=0, id[0]=0, x[0]=80.0, y[0]=163.0, toolType[0]=TOOL_TYPE_FINGER, buttonState=0, classification=NONE, metaState=0, flags=0x0, edgeFlags=0x0, pointerCount=1, historySize=0, eventTime=120678432, downTime=120678432, deviceId=4, source=0x1002, displayId=0 }
04-20 10:11:06.521 D/ViewRootImpl(12442): enqueueInputEventMotionEvent { action=ACTION_DOWN, actionButton=0, id[0]=0, x[0]=145.0, y[0]=769.0, toolType[0]=TOOL_TYPE_FINGER, buttonState=0, classification=NONE, metaState=0, flags=0x0, edgeFlags=0x0, pointerCount=1, historySize=0, eventTime=120679906, downTime=120679906, deviceId=4, source=0x1002, displayId=0 }
04-20 10:11:06.699 D/ColorViewRootUtil(12442): initSwipState, isDisplayCompatApp false
04-20 10:11:06.699 D/ColorViewRootUtil(12442): mScreenHeight 2400, mScreenWidth 1080
04-20 10:11:06.720 V/OplusZoomWindowDecorViewHelper(12442): setLastReportedMergedConfiguration mZoomDisplayHeight: 2400 getDecorView.DecorView@e05068f[ReportProblemActivity]
04-20 10:11:07.628 D/ViewRootImpl(12442): enqueueInputEventMotionEvent { action=ACTION_DOWN, actionButton=0, id[0]=0, x[0]=377.0, y[0]=440.0, toolType[0]=TOOL_TYPE_FINGER, buttonState=0, classification=NONE, metaState=0, flags=0x0, edgeFlags=0x0, pointerCount=1, historySize=0, eventTime=120681013, downTime=120681013, deviceId=4, source=0x1002, displayId=0 }
04-20 10:11:09.019 D/ViewRootImpl(12442): enqueueInputEventMotionEvent { action=ACTION_DOWN, actionButton=0, id[0]=0, x[0]=483.0, y[0]=810.0, toolType[0]=TOOL_TYPE_FINGER, buttonState=0, classification=NONE, metaState=0, flags=0x0, edgeFlags=0x0, pointerCount=1, historySize=0, eventTime=120682405, downTime=120682405, deviceId=4, source=0x1002, displayId=0 }
04-20 10:11:09.666 D/ViewRootImpl(12442): enqueueInputEventMotionEvent { action=ACTION_DOWN, actionButton=0, id[0]=0, x[0]=425.0, y[0]=735.0, toolType[0]=TOOL_TYPE_FINGER, buttonState=0, classification=NONE, metaState=0, flags=0x0, edgeFlags=0x0, pointerCount=1, historySize=0, eventTime=120683051, downTime=120683051, deviceId=4, source=0x1002, displayId=0 }
04-20 10:11:12.664 D/ViewRootImpl(12442): enqueueInputEventMotionEvent { action=ACTION_DOWN, actionButton=0, id[0]=0, x[0]=381.0, y[0]=2336.0, toolType[0]=TOOL_TYPE_FINGER, buttonState=0, classification=NONE, metaState=0, flags=0x0, edgeFlags=0x0, pointerCount=1, historySize=0, eventTime=120685925, downTime=120685924, deviceId=4, source=0x1002, displayId=0 }
04-20 10:13:13.930 D/ViewRootImpl(12442): enqueueInputEventMotionEvent { action=ACTION_DOWN, actionButton=0, id[0]=0, x[0]=94.0, y[0]=215.0, toolType[0]=TOOL_TYPE_FINGER, buttonState=0, classification=NONE, metaState=0, flags=0x0, edgeFlags=0x0, pointerCount=1, historySize=0, eventTime=120807311, downTime=120807311, deviceId=4, source=0x1002, displayId=0 }
04-20 10:13:15.432 D/ViewRootImpl(12442): enqueueInputEventMotionEvent { action=ACTION_DOWN, actionButton=0, id[0]=0, x[0]=187.0, y[0]=760.0, toolType[0]=TOOL_TYPE_FINGER, buttonState=0, classification=NONE, metaState=0, flags=0x0, edgeFlags=0x0, pointerCount=1, historySize=0, eventTime=120808818, downTime=120808818, deviceId=4, source=0x1002, displayId=0 }
04-20 10:13:15.582 D/ColorViewRootUtil(12442): initSwipState, isDisplayCompatApp false
04-20 10:13:15.583 D/ColorViewRootUtil(12442): mScreenHeight 2400, mScreenWidth 1080
04-20 10:13:15.610 V/OplusZoomWindowDecorViewHelper(12442): setLastReportedMergedConfiguration mZoomDisplayHeight: 2400 getDecorView.DecorView@108afd4[ReportProblemActivity]
04-20 10:13:16.469 D/ViewRootImpl(12442): enqueueInputEventMotionEvent { action=ACTION_DOWN, actionButton=0, id[0]=0, x[0]=397.0, y[0]=430.0, toolType[0]=TOOL_TYPE_FINGER, buttonState=0, classification=NONE, metaState=0, flags=0x0, edgeFlags=0x0, pointerCount=1, historySize=0, eventTime=120809855, downTime=120809855, deviceId=4, source=0x1002, displayId=0 }
04-20 10:13:17.757 D/ViewRootImpl(12442): enqueueInputEventMotionEvent { action=ACTION_DOWN, actionButton=0, id[0]=0, x[0]=500.0, y[0]=699.0, toolType[0]=TOOL_TYPE_FINGER, buttonState=0, classification=NONE, metaState=0, flags=0x0, edgeFlags=0x0, pointerCount=1, historySize=0, eventTime=120811140, downTime=120811140, deviceId=4, source=0x1002, displayId=0 }
04-20 10:13:20.321 D/ViewRootImpl(12442): enqueueInputEventMotionEvent { action=ACTION_DOWN, actionButton=0, id[0]=0, x[0]=427.0, y[0]=2356.0, toolType[0]=TOOL_TYPE_FINGER, buttonState=0, classification=NONE, metaState=0, flags=0x0, edgeFlags=0x0, pointerCount=1, historySize=0, eventTime=120813607, downTime=120813606, deviceId=4, source=0x1002, displayId=0 }
--------- beginning of main
04-20 10:20:40.148 I/v95     (12442): Message OUT: v95@88fd214	Message : sender = 0x28CF44CD receiver = 0x00000000 number = 0x1ECE97 link = 0x00 msgType = 0x0D payload = 0xnull 
04-20 10:20:40.148 I/v95     (12442): ;isDuplicate = false isRetained = false deliveryRetries = 0
04-20 10:20:40.219 I/d37     (12442): Message IN d37@e93ba98: Message : sender = 0x00000000 receiver = 0x28CF44CD number = 0x1ECE98 link = 0x00 msgType = 0x16 payload = 0x0500051ECE97050A0A650A0A0A0A0A5D0E22 
04-20 10:20:40.219 I/d37     (12442): ;isDuplicate = false isRetained = false deliveryRetries = 0
04-20 10:21:21.136 I/v95     (12442): Message OUT: v95@88fd214	Message : sender = 0x28CF44CD receiver = 0x00000000 number = 0x1ECE99 link = 0x00 msgType = 0x0D payload = 0xnull 
04-20 10:21:21.136 I/v95     (12442): ;isDuplicate = false isRetained = false deliveryRetries = 0
04-20 10:21:21.139 I/CoreBootstrap(12442): connection was closed pp0@dc88068, channel [id: 0xc30f7ea2, /192.168.0.129:47970 :> hts-a.stage.ajax.systems/52.47.140.252:4343]
04-20 10:21:21.139 I/CoreBootstrap(12442): connectionsHandler was provided. invoking 
04-20 10:21:21.140 I/App$c   (12442): disconnected
04-20 10:21:21.142 I/App     (12442): App in background, ignore
04-20 10:21:21.143 I/CoreBootstrap(12442): reloginHandler was provided. invoking 
04-20 10:21:21.151 I/CoreBootstrap(12442): worker threads shut down
04-20 10:21:23.151 I/CoreBootstrap(12442): Starting connection
04-20 10:21:23.351 I/CoreBootstrap(12442): connection was established pp0@dc88068, channel [id: 0x91cde1b7, /192.168.0.129:41556 => hts-a.stage.ajax.systems/52.47.140.252:443] , ClusterAddress{inetSocketAddress=hts-a.stage.ajax.systems:443, tls=true, priority=1}
04-20 10:21:23.351 I/CoreBootstrap(12442): Connection loop, initializing login
04-20 10:21:23.351 I/App$c   (12442): connected
04-20 10:21:23.352 I/pp0     (12442): Stored previous settings
04-20 10:21:23.352 I/pp0     (12442): login script was started by relogin handler
04-20 10:21:23.352 I/CoreBootstrap(12442): Next script is xp0@755e844
04-20 10:21:23.352 I/bm7     (12442): started xp0@755e844
04-20 10:21:23.353 I/v95     (12442): Message OUT: v95@4f0cd2d	Message : sender = 0x28CF44CD receiver = 0x00000000 number = 0x000001 link = 0x00 msgType = 0x11 payload = 0x053F050205778059DBBD087261B689A57CF95E335BF78EACA6C6562C43EC02E62D8706354970846D4DEE71BFB222D06224D84B56BF8859A22F8C57A423DEF79AEA018EF096ABD58A942FEBEF8CCCC759DE339498A402F2DF7B1479252246806D72BD49E73AC89386EF48C30B910703B9B81F0D4E41F499D10635E6B1BB9C0A59CE46167D329CC505030504050405662D6C4A555454415347326533465A494B3767754B333A4150413931624836515056304A724E46334549526B744162744345444371545363613571767966797557412D597175435243796E3664544A35627A546D6D4B6D48685A734D514676466E505948473673724C69365F596C4C6835506973684867354A62665A6367706A646959523168456355587241724C696B59477764417945417548333743306971644C360506350500050705616532333564366464343037343262635F416A6178050805416A61780509050005 
04-20 10:21:23.353 I/v95     (12442): ;isDuplicate = false isRetained = false deliveryRetries = 0
04-20 10:21:23.614 I/d37     (12442): Message IN d37@a337a61: Message : sender = 0x00000000 receiver = 0x28CF44CD number = 0x000002 link = 0x00 msgType = 0x16 payload = 0x050005000001050A0A1D0A0A0A1C2F501031 
04-20 10:21:23.614 I/d37     (12442): ;isDuplicate = false isRetained = false deliveryRetries = 0
04-20 10:21:23.614 I/d37     (12442): Message IN d37@a337a61: Message : sender = 0x00000000 receiver = 0x28CF44CD number = 0x000003 link = 0x00 msgType = 0x15 payload = 0x050005C6F7050A0A660A7B0A0A0A0A0A706B 
04-20 10:21:23.614 I/d37     (12442): ;isDuplicate = false isRetained = false deliveryRetries = 0
04-20 10:21:23.614 I/v95     (12442): --- Sending ack to: 000003 ---
04-20 10:21:23.614 I/v95     (12442): Message OUT: v95@4f0cd2d	Message : sender = 0x28CF44CD receiver = 0x00000000 number = 0x000004 link = 0x00 msgType = 0x16 payload = 0x05000500000305 
04-20 10:21:23.614 I/v95     (12442): ;isDuplicate = false isRetained = false deliveryRetries = 0
04-20 10:21:23.615 I/km3     (12442): AUTHENTIFICATION-->AUTHENTICATION_REQUEST
04-20 10:21:23.616 I/v95     (12442): Message OUT: v95@4f0cd2d	Message : sender = 0x28CF44CD receiver = 0x00000000 number = 0x000005 link = 0x00 msgType = 0x15 payload = 0x050105311805 
04-20 10:21:23.616 I/v95     (12442): ;isDuplicate = false isRetained = false deliveryRetries = 0
04-20 10:21:23.768 I/v95     (12442): Resending message
04-20 10:21:23.769 I/v95     (12442): Message OUT: v95@88fd214	Message : sender = 0x28CF44CD receiver = 0x00000000 number = 0x1ECE9A link = 0x00 msgType = 0x0D payload = 0xnull 
04-20 10:21:23.769 I/v95     (12442): ;isDuplicate = true isRetained = false deliveryRetries = 1
04-20 10:21:23.815 I/d37     (12442): Message IN d37@a337a61: Message : sender = 0x00000000 receiver = 0x28CF44CD number = 0x000006 link = 0x00 msgType = 0x16 payload = 0x05000500000635050A0A6E71200A0A2D0A36 
04-20 10:21:23.815 I/d37     (12442): ;isDuplicate = false isRetained = false deliveryRetries = 0
04-20 10:21:23.817 I/d37     (12442): Message IN d37@a337a61: Message : sender = 0x00000000 receiver = 0x28CF44CD number = 0x3AF041 link = 0x00 msgType = 0x11 payload = 0x050F05778059DBBD087261B689A57CF95E335BF78EACA6C6562C43EC02E62D8706354970846D4DEE71BFB222D06224D84B56BF8859A22F8C57A423DEF79AEA018EF096ABD58A942FEBEF8CCCC759DE339498A402F2DF7B1479252246806D72BD49E73AC89386EF48C30B910703B9B81F0D4E41F499D10635E6B1BB9C0A59CE46167D329CC5050A6E0A500A5A0B0A0A500A0A 
04-20 10:21:23.817 I/d37     (12442): ;isDuplicate = false isRetained = false deliveryRetries = 0
04-20 10:21:23.817 I/v95     (12442): --- Sending ack to: 3AF041 ---
04-20 10:21:23.817 I/v95     (12442): Message OUT: v95@4f0cd2d	Message : sender = 0x28CF44CD receiver = 0x00000000 number = 0x3AF043 link = 0x00 msgType = 0x16 payload = 0x0500053AF04105 
04-20 10:21:23.817 I/v95     (12442): ;isDuplicate = false isRetained = false deliveryRetries = 0
04-20 10:21:23.818 I/km3     (12442): USER_REGISTRATION-->CONNECTED
04-20 10:21:23.819 I/App$c   (12442): logged In
04-20 10:21:23.819 E/App$c   (12442): Cannot sync, settings map is empty
04-20 10:21:23.834 I/bm7     (12442): Stoped xp0@755e844
04-20 10:21:23.834 I/CoreBootstrap(12442): Next script is cc3@2a7
04-20 10:21:23.834 I/bm7     (12442): started cc3@2a7
04-20 10:21:23.834 I/bm7     (12442): Stoped cc3@2a7
04-20 10:21:23.834 I/CoreBootstrap(12442): No more scripts in queue
04-20 10:21:25.768 I/v95     (12442): Resending message
04-20 10:21:25.769 I/v95     (12442): Message OUT: v95@88fd214	Message : sender = 0x28CF44CD receiver = 0x00000000 number = 0x1ECE9B link = 0x00 msgType = 0x0D payload = 0xnull 
04-20 10:21:25.769 I/v95     (12442): ;isDuplicate = true isRetained = false deliveryRetries = 2
04-20 10:21:27.768 I/v95     (12442): Resending message
04-20 10:21:27.769 I/v95     (12442): Message OUT: v95@88fd214	Message : sender = 0x28CF44CD receiver = 0x00000000 number = 0x1ECE9C link = 0x00 msgType = 0x0D payload = 0xnull 
04-20 10:21:27.769 I/v95     (12442): ;isDuplicate = true isRetained = false deliveryRetries = 3
04-20 10:21:29.768 I/v95     (12442): Resending message
04-20 10:21:29.769 I/v95     (12442): Message OUT: v95@88fd214	Message : sender = 0x28CF44CD receiver = 0x00000000 number = 0x1ECE9D link = 0x00 msgType = 0x0D payload = 0xnull 
04-20 10:21:29.769 I/v95     (12442): ;isDuplicate = true isRetained = false deliveryRetries = 4
04-20 10:21:31.768 I/v95     (12442): Resending message
04-20 10:21:31.769 I/v95     (12442): Message OUT: v95@88fd214	Message : sender = 0x28CF44CD receiver = 0x00000000 number = 0x1ECE9E link = 0x00 msgType = 0x0D payload = 0xnull 
04-20 10:21:31.769 I/v95     (12442): ;isDuplicate = true isRetained = false deliveryRetries = 5
04-20 10:21:33.768 I/v95     (12442): Message was not delivered. Closing chanel
04-20 10:21:53.819 I/v95     (12442): Message OUT: v95@4f0cd2d	Message : sender = 0x28CF44CD receiver = 0x00000000 number = 0x3AF044 link = 0x00 msgType = 0x0D payload = 0xnull 
04-20 10:21:53.819 I/v95     (12442): ;isDuplicate = false isRetained = false deliveryRetries = 0
04-20 10:21:53.919 I/d37     (12442): Message IN d37@a337a61: Message : sender = 0x00000000 receiver = 0x28CF44CD number = 0x3AF045 link = 0x00 msgType = 0x16 payload = 0x0500053AF044050A0E0A0A0A0A11450A0A74 
04-20 10:21:53.919 I/d37     (12442): ;isDuplicate = false isRetained = false deliveryRetries = 0
04-20 10:22:23.821 I/v95     (12442): Message OUT: v95@4f0cd2d	Message : sender = 0x28CF44CD receiver = 0x00000000 number = 0x3AF046 link = 0x00 msgType = 0x0D payload = 0xnull 
04-20 10:22:23.821 I/v95     (12442): ;isDuplicate = false isRetained = false deliveryRetries = 0
04-20 10:22:23.917 I/d37     (12442): Message IN d37@a337a61: Message : sender = 0x00000000 receiver = 0x28CF44CD number = 0x3AF047 link = 0x00 msgType = 0x16 payload = 0x0500053AF046050A12770A557C612A0A1151 
04-20 10:22:23.917 I/d37     (12442): ;isDuplicate = false isRetained = false deliveryRetries = 0
04-20 10:22:49.591 E/libEGL  (12442): Invalid file path for libcolorx-loader.so
04-20 10:22:49.631 D/ColorViewRootUtil(12442): initSwipState, isDisplayCompatApp false
04-20 10:22:49.631 D/ColorViewRootUtil(12442): mScreenHeight 2400, mScreenWidth 1080
04-20 10:22:49.631 D/WindowManager(12442): Add to mViews: DecorView@83ec7d[LauncherActivity],pkg= com.ajaxsystems
04-20 10:22:49.675 V/OplusZoomWindowDecorViewHelper(12442): setLastReportedMergedConfiguration mZoomDisplayHeight: 2400 getDecorView.DecorView@83ec7d[LauncherActivity]
04-20 10:22:49.725 E/Parcel  (12442): Reading a NULL string not supported here.
04-20 10:22:49.765 E/libEGL  (12442): Invalid file path for libcolorx-loader.so
04-20 10:22:49.845 I/BaseDashboardActivity(12442): HubId from extras: 00000000
04-20 10:22:49.850 I/DashboardActivity(12442): No hubs detected
04-20 10:22:49.850 I/BaseDashboardActivity(12442): BaseDashboardActivity doesn't have extras
04-20 10:22:49.851 I/BaseDashboardActivity(12442): Token check found
04-20 10:22:49.852 I/zp4     (12442): Firebase registration job started
04-20 10:22:49.873 I/ia1$e$b (12442): No hubs detected
04-20 10:22:49.875 I/RealmManager(12442): BaseDashboardActivity in background false
04-20 10:22:49.880 I/DashboardActivity(12442): No hubs detected
04-20 10:22:49.881 E/BaseDashboardActivity(12442): Cannot find lock for account 684672205
04-20 10:22:49.882 I/BaseDashboardActivity(12442): Get versions
04-20 10:22:49.883 I/zp4     (12442): Job canceled
04-20 10:22:49.883 I/DpmTcmClient(12442): RegisterTcmMonitor from: $Proxy1
04-20 10:22:49.887 D/BaseJobBuilder(12442): set process for client: com.ajaxsystems
04-20 10:22:49.889 D/ColorViewRootUtil(12442): initSwipState, isDisplayCompatApp false
04-20 10:22:49.889 D/ColorViewRootUtil(12442): mScreenHeight 2400, mScreenWidth 1080
04-20 10:22:49.890 D/WindowManager(12442): Add to mViews: DecorView@ebad742[DashboardActivity],pkg= com.ajaxsystems
04-20 10:22:49.905 E/AjaxActionBar$a(12442): Cannot update UI, active hub not found
04-20 10:22:49.905 E/AjaxActionBar$a(12442): Cannot update UI, active hub not found
04-20 10:22:49.938 E/Parcel  (12442): Reading a NULL string not supported here.
04-20 10:22:49.962 D/am      (12442): Failure sf2$v@209f1ed
04-20 10:22:49.963 I/chatty  (12442): uid=10467(com.ajaxsystems) identical 2 lines
04-20 10:22:49.964 D/am      (12442): Failure sf2$v@209f1ed
04-20 10:22:49.973 E/Parcel  (12442): Reading a NULL string not supported here.
04-20 10:22:49.999 V/OplusZoomWindowDecorViewHelper(12442): setLastReportedMergedConfiguration mZoomDisplayHeight: 2400 getDecorView.DecorView@ebad742[DashboardActivity]
04-20 10:22:50.007 E/RecyclerView(12442): No adapter attached; skipping layout
04-20 10:22:50.018 I/RemoteFragment(12442): Cannot get active hub
04-20 10:22:50.022 E/AjaxGroups(12442): Cannot check permission, AXUser null or invalid
04-20 10:22:50.033 I/RealmManager(12442): BaseDashboardActivity in background true
04-20 10:22:50.054 E/Parcel  (12442): Reading a NULL string not supported here.
04-20 10:22:50.112 E/libEGL  (12442): Invalid file path for libcolorx-loader.so
04-20 10:22:50.156 I/RealmManager(12442): BaseDashboardActivity in background false
04-20 10:22:50.159 I/DashboardActivity(12442): No hubs detected
04-20 10:22:50.160 E/BaseDashboardActivity(12442): Cannot find lock for account 684672205
04-20 10:22:50.160 I/BaseDashboardActivity(12442): Get versions
04-20 10:22:50.161 I/zp4     (12442): Job canceled
04-20 10:22:50.167 E/AjaxActionBar$a(12442): Cannot update UI, active hub not found
04-20 10:22:50.260 E/BaseDashboardActivity$q(12442): Cannot parse versions
04-20 10:22:50.260 E/BaseDashboardActivity$q(12442): com.android.volley.NoConnectionError: javax.net.ssl.SSLHandshakeException: Chain validation failed
04-20 10:22:50.260 E/BaseDashboardActivity$q(12442): 	at com.android.volley.toolbox.NetworkUtility.shouldRetryException(Unknown Source:175)
04-20 10:22:50.260 E/BaseDashboardActivity$q(12442): 	at com.android.volley.toolbox.BasicNetwork.performRequest(Unknown Source:119)
04-20 10:22:50.260 E/BaseDashboardActivity$q(12442): 	at com.android.volley.NetworkDispatcher.processRequest(Unknown Source:37)
04-20 10:22:50.260 E/BaseDashboardActivity$q(12442): 	at com.android.volley.NetworkDispatcher.processRequest(Unknown Source:8)
04-20 10:22:50.260 E/BaseDashboardActivity$q(12442): 	at com.android.volley.NetworkDispatcher.run(Unknown Source:5)
04-20 10:22:50.260 E/BaseDashboardActivity$q(12442): Caused by: javax.net.ssl.SSLHandshakeException: Chain validation failed
04-20 10:22:50.260 E/BaseDashboardActivity$q(12442): 	at com.android.org.conscrypt.SSLUtils.toSSLHandshakeException(SSLUtils.java:363)
04-20 10:22:50.260 E/BaseDashboardActivity$q(12442): 	at com.android.org.conscrypt.ConscryptEngine.convertException(ConscryptEngine.java:1134)
04-20 10:22:50.260 E/BaseDashboardActivity$q(12442): 	at com.android.org.conscrypt.ConscryptEngine.readPlaintextData(ConscryptEngine.java:1089)
04-20 10:22:50.260 E/BaseDashboardActivity$q(12442): 	at com.android.org.conscrypt.ConscryptEngine.unwrap(ConscryptEngine.java:876)
04-20 10:22:50.260 E/BaseDashboardActivity$q(12442): 	at com.android.org.conscrypt.ConscryptEngine.unwrap(ConscryptEngine.java:747)
04-20 10:22:50.260 E/BaseDashboardActivity$q(12442): 	at com.android.org.conscrypt.ConscryptEngine.unwrap(ConscryptEngine.java:712)
04-20 10:22:50.260 E/BaseDashboardActivity$q(12442): 	at com.android.org.conscrypt.ConscryptEngineSocket$SSLInputStream.processDataFromSocket(ConscryptEngineSocket.java:858)
04-20 10:22:50.260 E/BaseDashboardActivity$q(12442): 	at com.android.org.conscrypt.ConscryptEngineSocket$SSLInputStream.access$100(ConscryptEngineSocket.java:731)
04-20 10:22:50.260 E/BaseDashboardActivity$q(12442): 	at com.android.org.conscrypt.ConscryptEngineSocket.doHandshake(ConscryptEngineSocket.java:241)
04-20 10:22:50.260 E/BaseDashboardActivity$q(12442): 	at com.android.org.conscrypt.ConscryptEngineSocket.startHandshake(ConscryptEngineSocket.java:220)
04-20 10:22:50.260 E/BaseDashboardActivity$q(12442): 	at com.android.okhttp.internal.io.RealConnection.connectTls(RealConnection.java:196)
04-20 10:22:50.260 E/BaseDashboardActivity$q(12442): 	at com.android.okhttp.internal.io.RealConnection.connectSocket(RealConnection.java:153)
04-20 10:22:50.260 E/BaseDashboardActivity$q(12442): 	at com.android.okhttp.internal.io.RealConnection.connect(RealConnection.java:116)
04-20 10:22:50.260 E/BaseDashboardActivity$q(12442): 	at com.android.okhttp.internal.http.StreamAllocation.findConnection(StreamAllocation.java:186)
04-20 10:22:50.260 E/BaseDashboardActivity$q(12442): 	at com.android.okhttp.internal.http.StreamAllocation.findHealthyConnection(StreamAllocation.java:128)
04-20 10:22:50.260 E/BaseDashboardActivity$q(12442): 	at com.android.okhttp.internal.http.StreamAllocation.newStream(StreamAllocation.java:97)
04-20 10:22:50.260 E/BaseDashboardActivity$q(12442): 	at com.android.okhttp.internal.http.HttpEngine.connect(HttpEngine.java:289)
04-20 10:22:50.260 E/BaseDashboardActivity$q(12442): 	at com.android.okhttp.internal.http.HttpEngine.sendRequest(HttpEngine.java:232)
04-20 10:22:50.260 E/BaseDashboardActivity$q(12442): 	at com.android.okhttp.internal.huc.HttpURLConnectionImpl.execute(HttpURLConnectionImpl.java:465)
04-20 10:22:50.260 E/BaseDashboardActivity$q(12442): 	at com.android.okhttp.internal.huc.HttpURLConnectionImpl.getResponse(HttpURLConnectionImpl.java:411)
04-20 10:22:50.260 E/BaseDashboardActivity$q(12442): 	at com.android.okhttp.internal.huc.HttpURLConnectionImpl.getResponseCode(HttpURLConnectionImpl.java:542)
04-20 10:22:50.260 E/BaseDashboardActivity$q(12442): 	at com.android.okhttp.internal.huc.DelegatingHttpsURLConnection.getResponseCode(DelegatingHttpsURLConnection.java:106)
04-20 10:22:50.260 E/BaseDashboardActivity$q(12442): 	at com.android.okhttp.internal.huc.HttpsURLConnectionImpl.getResponseCode(HttpsURLConnectionImpl.java:30)
04-20 10:22:50.260 E/BaseDashboardActivity$q(12442): 	at com.android.volley.toolbox.HurlStack.executeRequest(Unknown Source:97)
04-20 10:22:50.260 E/BaseDashboardActivity$q(12442): 	at com.android.volley.toolbox.BasicNetwork.performRequest(Unknown Source:22)
04-20 10:22:50.260 E/BaseDashboardActivity$q(12442): 	... 3 more
04-20 10:22:50.260 E/BaseDashboardActivity$q(12442): Caused by: java.security.cert.CertificateException: Chain validation failed
04-20 10:22:50.260 E/BaseDashboardActivity$q(12442): 	at com.android.org.conscrypt.TrustManagerImpl.verifyChain(TrustManagerImpl.java:719)
04-20 10:22:50.260 E/BaseDashboardActivity$q(12442): 	at com.android.org.conscrypt.TrustManagerImpl.checkTrustedRecursive(TrustManagerImpl.java:549)
04-20 10:22:50.260 E/BaseDashboardActivity$q(12442): 	at com.android.org.conscrypt.TrustManagerImpl.checkTrustedRecursive(TrustManagerImpl.java:570)
04-20 10:22:50.260 E/BaseDashboardActivity$q(12442): 	at com.android.org.conscrypt.TrustManagerImpl.checkTrustedRecursive(TrustManagerImpl.java:615)
04-20 10:22:50.260 E/BaseDashboardActivity$q(12442): 	at com.android.org.conscrypt.TrustManagerImpl.checkTrustedRecursive(TrustManagerImpl.java:615)
04-20 10:22:50.260 E/BaseDashboardActivity$q(12442): 	at com.android.org.conscrypt.TrustManagerImpl.checkTrusted(TrustManagerImpl.java:505)
04-20 10:22:50.260 E/BaseDashboardActivity$q(12442): 	at com.android.org.conscrypt.TrustManagerImpl.checkTrusted(TrustManagerImpl.java:425)
04-20 10:22:50.260 E/BaseDashboardActivity$q(12442): 	at com.android.org.conscrypt.TrustManagerImpl.getTrustedChainForServer(TrustManagerImpl.java:353)
04-20 10:22:50.260 E/BaseDashboardActivity$q(12442): 	at android.security.net.config.NetworkSecurityTrustManager.checkServerTrusted(NetworkSecurityTrustManager.java:94)
04-20 10:22:50.260 E/BaseDashboardActivity$q(12442): 	at android.security.net.config.RootTrustManager.checkServerTrusted(RootTrustManager.java:90)
04-20 10:22:50.260 E/BaseDashboardActivity$q(12442): 	at com.android.org.conscrypt.ConscryptEngineSocket$2.checkServerTrusted(ConscryptEngineSocket.java:163)
04-20 10:22:50.260 E/BaseDashboardActivity$q(12442): 	at com.android.org.conscrypt.Platform.checkServerTrusted(Platform.java:255)
04-20 10:22:50.260 E/BaseDashboardActivity$q(12442): 	at com.android.org.conscrypt.ConscryptEngine.verifyCertificateChain(ConscryptEngine.java:1638)
04-20 10:22:50.260 E/BaseDashboardActivity$q(12442): 	at com.android.org.conscrypt.NativeCrypto.ENGINE_SSL_read_direct(Native Method)
04-20 10:22:50.260 E/BaseDashboardActivity$q(12442): 	at com.android.org.conscrypt.NativeSsl.readDirectByteBuffer(NativeSsl.java:569)
04-20 10:22:50.260 E/BaseDashboardActivity$q(12442): 	at com.android.org.conscrypt.ConscryptEngine.readPlaintextDataDirect(ConscryptEngine.java:1095)
04-20 10:22:50.260 E/BaseDashboardActivity$q(12442): 	at com.android.org.conscrypt.ConscryptEngine.readPlaintextData(ConscryptEngine.java:1079)
04-20 10:22:50.260 E/BaseDashboardActivity$q(12442): 	... 25 more
04-20 10:22:50.260 E/BaseDashboardActivity$q(12442): Caused by: java.security.cert.CertPathValidatorException: Response is unreliable: its validity interval is out-of-date
04-20 10:22:50.260 E/BaseDashboardActivity$q(12442): 	at sun.security.provider.certpath.PKIXMasterCertPathValidator.validate(PKIXMasterCertPathValidator.java:135)
04-20 10:22:50.260 E/BaseDashboardActivity$q(12442): 	at sun.security.provider.certpath.PKIXCertPathValidator.validate(PKIXCertPathValidator.java:222)
04-20 10:22:50.260 E/BaseDashboardActivity$q(12442): 	at sun.security.provider.certpath.PKIXCertPathValidator.validate(PKIXCertPathValidator.java:140)
04-20 10:22:50.260 E/BaseDashboardActivity$q(12442): 	at sun.security.provider.certpath.PKIXCertPathValidator.engineValidate(PKIXCertPathValidator.java:79)
04-20 10:22:50.262 E/BaseDashboardActivity$q(12442): 	at java.security.cert.CertPathValidator.validate(CertPathValidator.java:301)
04-20 10:22:50.262 E/BaseDashboardActivity$q(12442): 	at com.android.org.conscrypt.TrustManagerImpl.verifyChain(TrustManagerImpl.java:715)
04-20 10:22:50.262 E/BaseDashboardActivity$q(12442): 	... 41 more
04-20 10:22:50.262 E/BaseDashboardActivity$q(12442): Caused by: java.security.cert.CertPathValidatorException: Response is unreliable: its validity interval is out-of-date
04-20 10:22:50.262 E/BaseDashboardActivity$q(12442): 	at sun.security.provider.certpath.OCSPResponse.verify(OCSPResponse.java:619)
04-20 10:22:50.262 E/BaseDashboardActivity$q(12442): 	at sun.security.provider.certpath.RevocationChecker.checkOCSP(RevocationChecker.java:709)
04-20 10:22:50.262 E/BaseDashboardActivity$q(12442): 	at sun.security.provider.certpath.RevocationChecker.check(RevocationChecker.java:363)
04-20 10:22:50.262 E/BaseDashboardActivity$q(12442): 	at sun.security.provider.certpath.RevocationChecker.check(RevocationChecker.java:337)
04-20 10:22:50.262 E/BaseDashboardActivity$q(12442): 	at sun.security.provider.certpath.PKIXMasterCertPathValidator.validate(PKIXMasterCertPathValidator.java:125)
04-20 10:22:50.262 E/BaseDashboardActivity$q(12442): 	... 46 more
04-20 10:22:50.262 E/BaseDashboardActivity$q(12442): 	Suppressed: java.security.cert.CertPathValidatorException: Could not determine revocation status
04-20 10:22:50.262 E/BaseDashboardActivity$q(12442): 		at sun.security.provider.certpath.RevocationChecker.buildToNewKey(RevocationChecker.java:1092)
04-20 10:22:50.262 E/BaseDashboardActivity$q(12442): 		at sun.security.provider.certpath.RevocationChecker.verifyWithSeparateSigningKey(RevocationChecker.java:910)
04-20 10:22:50.262 E/BaseDashboardActivity$q(12442): 		at sun.security.provider.certpath.RevocationChecker.checkCRLs(RevocationChecker.java:577)
04-20 10:22:50.262 E/BaseDashboardActivity$q(12442): 		at sun.security.provider.certpath.RevocationChecker.checkCRLs(RevocationChecker.java:465)
04-20 10:22:50.262 E/BaseDashboardActivity$q(12442): 		at sun.security.provider.certpath.RevocationChecker.check(RevocationChecker.java:394)
04-20 10:22:50.262 E/BaseDashboardActivity$q(12442): 		... 48 more
04-20 10:22:50.269 I/com.ajaxsystem(12442): Background concurrent copying GC freed 268267(10MB) AllocSpace objects, 163(11MB) LOS objects, 39% free, 36MB/60MB, paused 78us total 175.538ms
04-20 10:22:50.273 W/System  (12442): A resource failed to call dispose. 
04-20 10:22:50.434 E/BaseDashboardActivity$q(12442): Cannot parse versions
04-20 10:22:50.434 E/BaseDashboardActivity$q(12442): com.android.volley.NoConnectionError: javax.net.ssl.SSLHandshakeException: Chain validation failed
04-20 10:22:50.434 E/BaseDashboardActivity$q(12442): 	at com.android.volley.toolbox.NetworkUtility.shouldRetryException(Unknown Source:175)
04-20 10:22:50.434 E/BaseDashboardActivity$q(12442): 	at com.android.volley.toolbox.BasicNetwork.performRequest(Unknown Source:119)
04-20 10:22:50.434 E/BaseDashboardActivity$q(12442): 	at com.android.volley.NetworkDispatcher.processRequest(Unknown Source:37)
04-20 10:22:50.434 E/BaseDashboardActivity$q(12442): 	at com.android.volley.NetworkDispatcher.processRequest(Unknown Source:8)
04-20 10:22:50.434 E/BaseDashboardActivity$q(12442): 	at com.android.volley.NetworkDispatcher.run(Unknown Source:5)
04-20 10:22:50.434 E/BaseDashboardActivity$q(12442): Caused by: javax.net.ssl.SSLHandshakeException: Chain validation failed
04-20 10:22:50.434 E/BaseDashboardActivity$q(12442): 	at com.android.org.conscrypt.SSLUtils.toSSLHandshakeException(SSLUtils.java:363)
04-20 10:22:50.434 E/BaseDashboardActivity$q(12442): 	at com.android.org.conscrypt.ConscryptEngine.convertException(ConscryptEngine.java:1134)
04-20 10:22:50.434 E/BaseDashboardActivity$q(12442): 	at com.android.org.conscrypt.ConscryptEngine.readPlaintextData(ConscryptEngine.java:1089)
04-20 10:22:50.434 E/BaseDashboardActivity$q(12442): 	at com.android.org.conscrypt.ConscryptEngine.unwrap(ConscryptEngine.java:876)
04-20 10:22:50.434 E/BaseDashboardActivity$q(12442): 	at com.android.org.conscrypt.ConscryptEngine.unwrap(ConscryptEngine.java:747)
04-20 10:22:50.434 E/BaseDashboardActivity$q(12442): 	at com.android.org.conscrypt.ConscryptEngine.unwrap(ConscryptEngine.java:712)
04-20 10:22:50.434 E/BaseDashboardActivity$q(12442): 	at com.android.org.conscrypt.ConscryptEngineSocket$SSLInputStream.processDataFromSocket(ConscryptEngineSocket.java:858)
04-20 10:22:50.434 E/BaseDashboardActivity$q(12442): 	at com.android.org.conscrypt.ConscryptEngineSocket$SSLInputStream.access$100(ConscryptEngineSocket.java:731)
04-20 10:22:50.434 E/BaseDashboardActivity$q(12442): 	at com.android.org.conscrypt.ConscryptEngineSocket.doHandshake(ConscryptEngineSocket.java:241)
04-20 10:22:50.434 E/BaseDashboardActivity$q(12442): 	at com.android.org.conscrypt.ConscryptEngineSocket.startHandshake(ConscryptEngineSocket.java:220)
04-20 10:22:50.434 E/BaseDashboardActivity$q(12442): 	at com.android.okhttp.internal.io.RealConnection.connectTls(RealConnection.java:196)
04-20 10:22:50.434 E/BaseDashboardActivity$q(12442): 	at com.android.okhttp.internal.io.RealConnection.connectSocket(RealConnection.java:153)
04-20 10:22:50.434 E/BaseDashboardActivity$q(12442): 	at com.android.okhttp.internal.io.RealConnection.connect(RealConnection.java:116)
04-20 10:22:50.434 E/BaseDashboardActivity$q(12442): 	at com.android.okhttp.internal.http.StreamAllocation.findConnection(StreamAllocation.java:186)
04-20 10:22:50.434 E/BaseDashboardActivity$q(12442): 	at com.android.okhttp.internal.http.StreamAllocation.findHealthyConnection(StreamAllocation.java:128)
04-20 10:22:50.434 E/BaseDashboardActivity$q(12442): 	at com.android.okhttp.internal.http.StreamAllocation.newStream(StreamAllocation.java:97)
04-20 10:22:50.434 E/BaseDashboardActivity$q(12442): 	at com.android.okhttp.internal.http.HttpEngine.connect(HttpEngine.java:289)
04-20 10:22:50.434 E/BaseDashboardActivity$q(12442): 	at com.android.okhttp.internal.http.HttpEngine.sendRequest(HttpEngine.java:232)
04-20 10:22:50.434 E/BaseDashboardActivity$q(12442): 	at com.android.okhttp.internal.huc.HttpURLConnectionImpl.execute(HttpURLConnectionImpl.java:465)
04-20 10:22:50.434 E/BaseDashboardActivity$q(12442): 	at com.android.okhttp.internal.huc.HttpURLConnectionImpl.getResponse(HttpURLConnectionImpl.java:411)
04-20 10:22:50.435 E/BaseDashboardActivity$q(12442): 	at com.android.okhttp.internal.huc.HttpURLConnectionImpl.getResponseCode(HttpURLConnectionImpl.java:542)
04-20 10:22:50.435 E/BaseDashboardActivity$q(12442): 	at com.android.okhttp.internal.huc.DelegatingHttpsURLConnection.getResponseCode(DelegatingHttpsURLConnection.java:106)
04-20 10:22:50.435 E/BaseDashboardActivity$q(12442): 	at com.android.okhttp.internal.huc.HttpsURLConnectionImpl.getResponseCode(HttpsURLConnectionImpl.java:30)
04-20 10:22:50.435 E/BaseDashboardActivity$q(12442): 	at com.android.volley.toolbox.HurlStack.executeRequest(Unknown Source:97)
04-20 10:22:50.435 E/BaseDashboardActivity$q(12442): 	at com.android.volley.toolbox.BasicNetwork.performRequest(Unknown Source:22)
04-20 10:22:50.435 E/BaseDashboardActivity$q(12442): 	... 3 more
04-20 10:22:50.435 E/BaseDashboardActivity$q(12442): Caused by: java.security.cert.CertificateException: Chain validation failed
04-20 10:22:50.435 E/BaseDashboardActivity$q(12442): 	at com.android.org.conscrypt.TrustManagerImpl.verifyChain(TrustManagerImpl.java:719)
04-20 10:22:50.435 E/BaseDashboardActivity$q(12442): 	at com.android.org.conscrypt.TrustManagerImpl.checkTrustedRecursive(TrustManagerImpl.java:549)
04-20 10:22:50.435 E/BaseDashboardActivity$q(12442): 	at com.android.org.conscrypt.TrustManagerImpl.checkTrustedRecursive(TrustManagerImpl.java:570)
04-20 10:22:50.435 E/BaseDashboardActivity$q(12442): 	at com.android.org.conscrypt.TrustManagerImpl.checkTrustedRecursive(TrustManagerImpl.java:615)
04-20 10:22:50.435 E/BaseDashboardActivity$q(12442): 	at com.android.org.conscrypt.TrustManagerImpl.checkTrustedRecursive(TrustManagerImpl.java:615)
04-20 10:22:50.435 E/BaseDashboardActivity$q(12442): 	at com.android.org.conscrypt.TrustManagerImpl.checkTrusted(TrustManagerImpl.java:505)
04-20 10:22:50.435 E/BaseDashboardActivity$q(12442): 	at com.android.org.conscrypt.TrustManagerImpl.checkTrusted(TrustManagerImpl.java:425)
04-20 10:22:50.435 E/BaseDashboardActivity$q(12442): 	at com.android.org.conscrypt.TrustManagerImpl.getTrustedChainForServer(TrustManagerImpl.java:353)
04-20 10:22:50.435 E/BaseDashboardActivity$q(12442): 	at android.security.net.config.NetworkSecurityTrustManager.checkServerTrusted(NetworkSecurityTrustManager.java:94)
04-20 10:22:50.435 E/BaseDashboardActivity$q(12442): 	at android.security.net.config.RootTrustManager.checkServerTrusted(RootTrustManager.java:90)
04-20 10:22:50.435 E/BaseDashboardActivity$q(12442): 	at com.android.org.conscrypt.ConscryptEngineSocket$2.checkServerTrusted(ConscryptEngineSocket.java:163)
04-20 10:22:50.435 E/BaseDashboardActivity$q(12442): 	at com.android.org.conscrypt.Platform.checkServerTrusted(Platform.java:255)
04-20 10:22:50.435 E/BaseDashboardActivity$q(12442): 	at com.android.org.conscrypt.ConscryptEngine.verifyCertificateChain(ConscryptEngine.java:1638)
04-20 10:22:50.435 E/BaseDashboardActivity$q(12442): 	at com.android.org.conscrypt.NativeCrypto.ENGINE_SSL_read_direct(Native Method)
04-20 10:22:50.435 E/BaseDashboardActivity$q(12442): 	at com.android.org.conscrypt.NativeSsl.readDirectByteBuffer(NativeSsl.java:569)
04-20 10:22:50.435 E/BaseDashboardActivity$q(12442): 	at com.android.org.conscrypt.ConscryptEngine.readPlaintextDataDirect(ConscryptEngine.java:1095)
04-20 10:22:50.435 E/BaseDashboardActivity$q(12442): 	at com.android.org.conscrypt.ConscryptEngine.readPlaintextData(ConscryptEngine.java:1079)
04-20 10:22:50.435 E/BaseDashboardActivity$q(12442): 	... 25 more
04-20 10:22:50.435 E/BaseDashboardActivity$q(12442): Caused by: java.security.cert.CertPathValidatorException: Response is unreliable: its validity interval is out-of-date
04-20 10:22:50.435 E/BaseDashboardActivity$q(12442): 	at sun.security.provider.certpath.PKIXMasterCertPathValidator.validate(PKIXMasterCertPathValidator.java:135)
04-20 10:22:50.435 E/BaseDashboardActivity$q(12442): 	at sun.security.provider.certpath.PKIXCertPathValidator.validate(PKIXCertPathValidator.java:222)
04-20 10:22:50.435 E/BaseDashboardActivity$q(12442): 	at sun.security.provider.certpath.PKIXCertPathValidator.validate(PKIXCertPathValidator.java:140)
04-20 10:22:50.435 E/BaseDashboardActivity$q(12442): 	at sun.security.provider.certpath.PKIXCertPathValidator.engineValidate(PKIXCertPathValidator.java:79)
04-20 10:22:50.435 E/BaseDashboardActivity$q(12442): 	at java.security.cert.CertPathValidator.validate(CertPathValidator.java:301)
04-20 10:22:50.435 E/BaseDashboardActivity$q(12442): 	at com.android.org.conscrypt.TrustManagerImpl.verifyChain(TrustManagerImpl.java:715)
04-20 10:22:50.435 E/BaseDashboardActivity$q(12442): 	... 41 more
04-20 10:22:50.435 E/BaseDashboardActivity$q(12442): Caused by: java.security.cert.CertPathValidatorException: Response is unreliable: its validity interval is out-of-date
04-20 10:22:50.435 E/BaseDashboardActivity$q(12442): 	at sun.security.provider.certpath.OCSPResponse.verify(OCSPResponse.java:619)
04-20 10:22:50.435 E/BaseDashboardActivity$q(12442): 	at sun.security.provider.certpath.RevocationChecker.checkOCSP(RevocationChecker.java:709)
04-20 10:22:50.435 E/BaseDashboardActivity$q(12442): 	at sun.security.provider.certpath.RevocationChecker.check(RevocationChecker.java:363)
04-20 10:22:50.435 E/BaseDashboardActivity$q(12442): 	at sun.security.provider.certpath.RevocationChecker.check(RevocationChecker.java:337)
04-20 10:22:50.435 E/BaseDashboardActivity$q(12442): 	at sun.security.provider.certpath.PKIXMasterCertPathValidator.validate(PKIXMasterCertPathValidator.java:125)
04-20 10:22:50.435 E/BaseDashboardActivity$q(12442): 	... 46 more
04-20 10:22:50.435 E/BaseDashboardActivity$q(12442): 	Suppressed: java.security.cert.CertPathValidatorException: Could not determine revocation status
04-20 10:22:50.435 E/BaseDashboardActivity$q(12442): 		at sun.security.provider.certpath.RevocationChecker.buildToNewKey(RevocationChecker.java:1092)
04-20 10:22:50.435 E/BaseDashboardActivity$q(12442): 		at sun.security.provider.certpath.RevocationChecker.verifyWithSeparateSigningKey(RevocationChecker.java:910)
04-20 10:22:50.435 E/BaseDashboardActivity$q(12442): 		at sun.security.provider.certpath.RevocationChecker.checkCRLs(RevocationChecker.java:577)
04-20 10:22:50.435 E/BaseDashboardActivity$q(12442): 		at sun.security.provider.certpath.RevocationChecker.checkCRLs(RevocationChecker.java:465)
04-20 10:22:50.435 E/BaseDashboardActivity$q(12442): 		at sun.security.provider.certpath.RevocationChecker.check(RevocationChecker.java:394)
04-20 10:22:50.435 E/BaseDashboardActivity$q(12442): 		... 48 more
04-20 10:22:51.337 D/ViewRootImpl(12442): enqueueInputEventMotionEvent { action=ACTION_DOWN, actionButton=0, id[0]=0, x[0]=96.0, y[0]=173.0, toolType[0]=TOOL_TYPE_FINGER, buttonState=0, classification=NONE, metaState=0, flags=0x0, edgeFlags=0x0, pointerCount=1, historySize=0, eventTime=121384724, downTime=121384724, deviceId=4, source=0x1002, displayId=0 }
04-20 10:22:51.338 D/ViewRootImpl[DashboardActivity](12442): processMotionEvent MotionEvent { action=ACTION_DOWN, actionButton=0, id[0]=0, x[0]=96.0, y[0]=173.0, toolType[0]=TOOL_TYPE_FINGER, buttonState=0, classification=NONE, metaState=0, flags=0x0, edgeFlags=0x0, pointerCount=1, historySize=0, eventTime=121384724, downTime=121384724, deviceId=4, source=0x1002, displayId=0 }
04-20 10:22:51.339 D/ViewRootImpl[DashboardActivity](12442): dispatchPointerEvent handled=true, event=MotionEvent { action=ACTION_DOWN, actionButton=0, id[0]=0, x[0]=96.0, y[0]=173.0, toolType[0]=TOOL_TYPE_FINGER, buttonState=0, classification=NONE, metaState=0, flags=0x0, edgeFlags=0x0, pointerCount=1, historySize=0, eventTime=121384724, downTime=121384724, deviceId=4, source=0x1002, displayId=0 }
04-20 10:22:51.378 D/ViewRootImpl[DashboardActivity](12442): processMotionEvent MotionEvent { action=ACTION_UP, actionButton=0, id[0]=0, x[0]=96.0, y[0]=173.0, toolType[0]=TOOL_TYPE_FINGER, buttonState=0, classification=NONE, metaState=0, flags=0x0, edgeFlags=0x0, pointerCount=1, historySize=0, eventTime=121384764, downTime=121384724, deviceId=4, source=0x1002, displayId=0 }
04-20 10:22:51.378 D/ViewRootImpl[DashboardActivity](12442): dispatchPointerEvent handled=true, event=MotionEvent { action=ACTION_UP, actionButton=0, id[0]=0, x[0]=96.0, y[0]=173.0, toolType[0]=TOOL_TYPE_FINGER, buttonState=0, classification=NONE, metaState=0, flags=0x0, edgeFlags=0x0, pointerCount=1, historySize=0, eventTime=121384764, downTime=121384724, deviceId=4, source=0x1002, displayId=0 }
04-20 10:22:52.895 D/ViewRootImpl(12442): enqueueInputEventMotionEvent { action=ACTION_DOWN, actionButton=0, id[0]=0, x[0]=233.0, y[0]=746.0, toolType[0]=TOOL_TYPE_FINGER, buttonState=0, classification=NONE, metaState=0, flags=0x0, edgeFlags=0x0, pointerCount=1, historySize=0, eventTime=121386280, downTime=121386280, deviceId=4, source=0x1002, displayId=0 }
04-20 10:22:52.895 D/ViewRootImpl[DashboardActivity](12442): processMotionEvent MotionEvent { action=ACTION_DOWN, actionButton=0, id[0]=0, x[0]=233.0, y[0]=746.0, toolType[0]=TOOL_TYPE_FINGER, buttonState=0, classification=NONE, metaState=0, flags=0x0, edgeFlags=0x0, pointerCount=1, historySize=0, eventTime=121386280, downTime=121386280, deviceId=4, source=0x1002, displayId=0 }
04-20 10:22:52.897 D/ViewRootImpl[DashboardActivity](12442): dispatchPointerEvent handled=true, event=MotionEvent { action=ACTION_DOWN, actionButton=0, id[0]=0, x[0]=233.0, y[0]=746.0, toolType[0]=TOOL_TYPE_FINGER, buttonState=0, classification=NONE, metaState=0, flags=0x0, edgeFlags=0x0, pointerCount=1, historySize=0, eventTime=121386280, downTime=121386280, deviceId=4, source=0x1002, displayId=0 }
04-20 10:22:52.935 D/ViewRootImpl[DashboardActivity](12442): processMotionEvent MotionEvent { action=ACTION_UP, actionButton=0, id[0]=0, x[0]=233.0, y[0]=746.0, toolType[0]=TOOL_TYPE_FINGER, buttonState=0, classification=NONE, metaState=0, flags=0x0, edgeFlags=0x0, pointerCount=1, historySize=0, eventTime=121386322, downTime=121386280, deviceId=4, source=0x1002, displayId=0 }
04-20 10:22:52.936 D/ViewRootImpl[DashboardActivity](12442): dispatchPointerEvent handled=true, event=MotionEvent { action=ACTION_UP, actionButton=0, id[0]=0, x[0]=233.0, y[0]=746.0, toolType[0]=TOOL_TYPE_FINGER, buttonState=0, classification=NONE, metaState=0, flags=0x0, edgeFlags=0x0, pointerCount=1, historySize=0, eventTime=121386322, downTime=121386280, deviceId=4, source=0x1002, displayId=0 }
04-20 10:22:52.949 E/Parcel  (12442): Reading a NULL string not supported here.
04-20 10:22:52.967 I/RealmManager(12442): BaseDashboardActivity in background true
04-20 10:22:52.993 E/libEGL  (12442): Invalid file path for libcolorx-loader.so
04-20 10:22:53.009 D/TestOverScroll(12442): getScaledOverscrollDistance: b
04-20 10:22:53.020 I/ReportProblemActivity(12442): Open ReportProblemActivity
04-20 10:22:53.023 I/RealmManager(12442): ReportProblemActivity in background false
04-20 10:22:53.026 D/ColorViewRootUtil(12442): initSwipState, isDisplayCompatApp false
04-20 10:22:53.026 D/ColorViewRootUtil(12442): mScreenHeight 2400, mScreenWidth 1080
04-20 10:22:53.026 D/WindowManager(12442): Add to mViews: DecorView@d10e098[ReportProblemActivity],pkg= com.ajaxsystems
04-20 10:22:53.044 V/OplusZoomWindowDecorViewHelper(12442): setLastReportedMergedConfiguration mZoomDisplayHeight: 2400 getDecorView.DecorView@d10e098[ReportProblemActivity]
04-20 10:22:53.823 I/v95     (12442): Message OUT: v95@4f0cd2d	Message : sender = 0x28CF44CD receiver = 0x00000000 number = 0x3AF048 link = 0x00 msgType = 0x0D payload = 0xnull 
04-20 10:22:53.823 I/v95     (12442): ;isDuplicate = false isRetained = false deliveryRetries = 0
04-20 10:22:53.930 I/d37     (12442): Message IN d37@a337a61: Message : sender = 0x00000000 receiver = 0x28CF44CD number = 0x3AF049 link = 0x00 msgType = 0x16 payload = 0x0500053AF048050A0A0A420A0A463A214E0A 
04-20 10:22:53.930 I/d37     (12442): ;isDuplicate = false isRetained = false deliveryRetries = 0
04-20 10:22:53.955 D/ViewRootImpl(12442): enqueueInputEventMotionEvent { action=ACTION_DOWN, actionButton=0, id[0]=0, x[0]=360.0, y[0]=429.0, toolType[0]=TOOL_TYPE_FINGER, buttonState=0, classification=NONE, metaState=0, flags=0x0, edgeFlags=0x0, pointerCount=1, historySize=0, eventTime=121387340, downTime=121387340, deviceId=4, source=0x1002, displayId=0 }
04-20 10:22:53.955 D/ViewRootImpl[ReportProblemActivity](12442): processMotionEvent MotionEvent { action=ACTION_DOWN, actionButton=0, id[0]=0, x[0]=360.0, y[0]=429.0, toolType[0]=TOOL_TYPE_FINGER, buttonState=0, classification=NONE, metaState=0, flags=0x0, edgeFlags=0x0, pointerCount=1, historySize=0, eventTime=121387340, downTime=121387340, deviceId=4, source=0x1002, displayId=0 }
04-20 10:22:53.955 D/ViewRootImpl[ReportProblemActivity](12442): dispatchPointerEvent handled=true, event=MotionEvent { action=ACTION_DOWN, actionButton=0, id[0]=0, x[0]=360.0, y[0]=429.0, toolType[0]=TOOL_TYPE_FINGER, buttonState=0, classification=NONE, metaState=0, flags=0x0, edgeFlags=0x0, pointerCount=1, historySize=0, eventTime=121387340, downTime=121387340, deviceId=4, source=0x1002, displayId=0 }
04-20 10:22:54.004 D/ViewRootImpl[ReportProblemActivity](12442): processMotionEvent MotionEvent { action=ACTION_UP, actionButton=0, id[0]=0, x[0]=360.0, y[0]=429.0, toolType[0]=TOOL_TYPE_FINGER, buttonState=0, classification=NONE, metaState=0, flags=0x0, edgeFlags=0x0, pointerCount=1, historySize=0, eventTime=121387390, downTime=121387340, deviceId=4, source=0x1002, displayId=0 }
04-20 10:22:54.016 D/ViewRootImpl[ReportProblemActivity](12442): dispatchPointerEvent handled=true, event=MotionEvent { action=ACTION_UP, actionButton=0, id[0]=0, x[0]=360.0, y[0]=429.0, toolType[0]=TOOL_TYPE_FINGER, buttonState=0, classification=NONE, metaState=0, flags=0x0, edgeFlags=0x0, pointerCount=1, historySize=0, eventTime=121387390, downTime=121387340, deviceId=4, source=0x1002, displayId=0 }
04-20 10:22:54.020 I/AssistStructure(12442): Flattened final assist data: 2812 bytes, containing 1 windows, 17 views
04-20 10:22:55.198 D/ViewRootImpl(12442): enqueueInputEventMotionEvent { action=ACTION_DOWN, actionButton=0, id[0]=0, x[0]=568.0, y[0]=749.0, toolType[0]=TOOL_TYPE_FINGER, buttonState=0, classification=NONE, metaState=0, flags=0x0, edgeFlags=0x0, pointerCount=1, historySize=0, eventTime=121388583, downTime=121388583, deviceId=4, source=0x1002, displayId=0 }
04-20 10:22:55.198 D/ViewRootImpl[ReportProblemActivity](12442): processMotionEvent MotionEvent { action=ACTION_DOWN, actionButton=0, id[0]=0, x[0]=568.0, y[0]=749.0, toolType[0]=TOOL_TYPE_FINGER, buttonState=0, classification=NONE, metaState=0, flags=0x0, edgeFlags=0x0, pointerCount=1, historySize=0, eventTime=121388583, downTime=121388583, deviceId=4, source=0x1002, displayId=0 }
04-20 10:22:55.199 D/ViewRootImpl[ReportProblemActivity](12442): dispatchPointerEvent handled=true, event=MotionEvent { action=ACTION_DOWN, actionButton=0, id[0]=0, x[0]=568.0, y[0]=749.0, toolType[0]=TOOL_TYPE_FINGER, buttonState=0, classification=NONE, metaState=0, flags=0x0, edgeFlags=0x0, pointerCount=1, historySize=0, eventTime=121388583, downTime=121388583, deviceId=4, source=0x1002, displayId=0 }
04-20 10:22:55.246 D/ViewRootImpl[ReportProblemActivity](12442): processMotionEvent MotionEvent { action=ACTION_UP, actionButton=0, id[0]=0, x[0]=568.0, y[0]=749.0, toolType[0]=TOOL_TYPE_FINGER, buttonState=0, classification=NONE, metaState=0, flags=0x0, edgeFlags=0x0, pointerCount=1, historySize=0, eventTime=121388632, downTime=121388583, deviceId=4, source=0x1002, displayId=0 }
04-20 10:22:55.252 D/ViewRootImpl[ReportProblemActivity](12442): dispatchPointerEvent handled=true, event=MotionEvent { action=ACTION_UP, actionButton=0, id[0]=0, x[0]=568.0, y[0]=749.0, toolType[0]=TOOL_TYPE_FINGER, buttonState=0, classification=NONE, metaState=0, flags=0x0, edgeFlags=0x0, pointerCount=1, historySize=0, eventTime=121388632, downTime=121388583, deviceId=4, source=0x1002, displayId=0 }
04-20 10:22:55.313 W/Choreographer(12442): Frame time is 0.034944 ms in the future!  Check that graphics HAL is generating vsync timestamps using the correct timebase.
04-20 10:22:57.625 D/ViewRootImpl(12442): enqueueInputEventMotionEvent { action=ACTION_DOWN, actionButton=0, id[0]=0, x[0]=326.0, y[0]=2387.0, toolType[0]=TOOL_TYPE_FINGER, buttonState=0, classification=NONE, metaState=0, flags=0x0, edgeFlags=0x0, pointerCount=1, historySize=0, eventTime=121390902, downTime=121390901, deviceId=4, source=0x1002, displayId=0 }
04-20 10:22:57.625 D/ViewRootImpl[ReportProblemActivity](12442): processMotionEvent MotionEvent { action=ACTION_DOWN, actionButton=0, id[0]=0, x[0]=326.0, y[0]=2387.0, toolType[0]=TOOL_TYPE_FINGER, buttonState=0, classification=NONE, metaState=0, flags=0x0, edgeFlags=0x0, pointerCount=1, historySize=0, eventTime=121390902, downTime=121390901, deviceId=4, source=0x1002, displayId=0 }
04-20 10:22:57.625 D/ViewRootImpl[ReportProblemActivity](12442): dispatchPointerEvent handled=true, event=MotionEvent { action=ACTION_DOWN, actionButton=0, id[0]=0, x[0]=326.0, y[0]=2387.0, toolType[0]=TOOL_TYPE_FINGER, buttonState=0, classification=NONE, metaState=0, flags=0x0, edgeFlags=0x0, pointerCount=1, historySize=0, eventTime=121390902, downTime=121390901, deviceId=4, source=0x1002, displayId=0 }
04-20 10:22:57.626 D/ViewRootImpl[ReportProblemActivity](12442): processMotionEvent MotionEvent { action=ACTION_UP, actionButton=0, id[0]=0, x[0]=326.0, y[0]=2387.0, toolType[0]=TOOL_TYPE_FINGER, buttonState=0, classification=NONE, metaState=0, flags=0x0, edgeFlags=0x0, pointerCount=1, historySize=0, eventTime=121390950, downTime=121390901, deviceId=4, source=0x1002, displayId=0 }
04-20 10:22:57.627 D/ViewRootImpl[ReportProblemActivity](12442): dispatchPointerEvent handled=true, event=MotionEvent { action=ACTION_UP, actionButton=0, id[0]=0, x[0]=326.0, y[0]=2387.0, toolType[0]=TOOL_TYPE_FINGER, buttonState=0, classification=NONE, metaState=0, flags=0x0, edgeFlags=0x0, pointerCount=1, historySize=0, eventTime=121390950, downTime=121390901, deviceId=4, source=0x1002, displayId=0 }
